L 1 "..\..\Library\NUC1xx\Source\SPI.c"
N/*---------------------------------------------------------------------------------------------------------*/
N/*                                                                                                         */
N/* Copyright(c) 2009 Nuvoton Technology Corp. All rights reserved.                                         */
N/*                                                                                                         */
N/*---------------------------------------------------------------------------------------------------------*/
N
N
N/*---------------------------------------------------------------------------------------------------------*/
N/* Include related headers                                                                                 */
N/*---------------------------------------------------------------------------------------------------------*/
N#include "NUC1xx.h"
L 1 "C:\Keil\ARM\Inc\Nuvoton\NUC1xx\NUC1xx.h" 1
N/*---------------------------------------------------------------------------------------------------------*/
N/*                                                                                                         */
N/* Copyright (c) Nuvoton Technology Corp. All rights reserved.                                             */
N/*                                                                                                         */
N/*---------------------------------------------------------------------------------------------------------*/
N
N#ifndef __NUC1xx_H__
N#define __NUC1xx_H__
N
N              
N/*
N * ==========================================================================
N * ---------- Interrupt Number Definition -----------------------------------
N * ==========================================================================
N*/
N 
Ntypedef enum IRQn
N{
N/******  Cortex-M0 Processor Exceptions Numbers ***************************************************/
N  NonMaskableInt_IRQn         = -14,    /*!< 2 Non Maskable Interrupt                             */
N  HardFault_IRQn              = -13,    /*!< 3 Cortex-M0 Hard Fault Interrupt                     */
N  SVCall_IRQn                 = -5,     /*!< 11 Cortex-M0 SV Call Interrupt                       */
N  PendSV_IRQn                 = -2,     /*!< 14 Cortex-M0 Pend SV Interrupt                       */
N  SysTick_IRQn                = -1,     /*!< 15 Cortex-M0 System Tick Interrupt                   */
N
N/************************ NUC1xx Interrupt Numbers ************************************************/
N  BOD_IRQn                  = 0,
N  WDT_IRQn                  = 1,
N  EINT0_IRQn                = 2,
N  EINT1_IRQn                = 3,
N  GPAB_IRQn                 = 4,
N  GPCDE_IRQn                = 5,
N  PWMA_IRQn                 = 6,
N  PWMB_IRQn                 = 7,
N  TMR0_IRQn                 = 8,
N  TMR1_IRQn                 = 9,
N  TMR2_IRQn                 = 10,
N  TMR3_IRQn                 = 11,
N  UART0_IRQn                = 12,
N  UART1_IRQn                = 13,
N  SPI0_IRQn                 = 14,
N  SPI1_IRQn                 = 15,
N  SPI2_IRQn                 = 16,
N  SPI3_IRQn                 = 17,
N  I2C0_IRQn                 = 18,
N  I2C1_IRQn                 = 19,
N  CAN0_IRQn                 = 20,
N  CAN1_IRQn                 = 21,
N  SD_IRQn                   = 22,
N  USBD_IRQn                 = 23,
N  PS2_IRQn                  = 24,
N  ACMP_IRQn                 = 25,
N  PDMA_IRQn                 = 26,
N  I2S_IRQn                  = 27,
N  PWRWU_IRQn                = 28,
N  ADC_IRQn                  = 29,
N  DAC_IRQn                  = 30,
N  RTC_IRQn                  = 31
N} IRQn_Type;
N
N
N/*
N * ==========================================================================
N * ----------- Processor and Core Peripheral Section ------------------------
N * ==========================================================================
N */
N
N/* Configuration of the Cortex-M0 Processor and Core Peripherals */
N#define __MPU_PRESENT           0       /*!< armikcmu does not provide a MPU present or not       */
N#define __NVIC_PRIO_BITS        2       /*!< armikcmu Supports 2 Bits for the Priority Levels     */
N#define __Vendor_SysTickConfig  0       /*!< Set to 1 if different SysTick Config is used         */
N
N
N#include "core_cm0.h"                   /* Cortex-M0 processor and core peripherals               */
L 1 "C:\Keil\ARM\CMSIS\Include\core_cm0.h" 1
N/**************************************************************************//**
N * @file     core_cm0.h
N * @brief    CMSIS Cortex-M0 Core Peripheral Access Layer Header File
N * @version  V3.01
N * @date     13. March 2012
N *
N * @note
N * Copyright (C) 2009-2012 ARM Limited. All rights reserved.
N *
N * @par
N * ARM Limited (ARM) is supplying this software for use with Cortex-M
N * processor based microcontrollers.  This file can be freely distributed
N * within development tools that are supporting such ARM based processors.
N *
N * @par
N * THIS SOFTWARE IS PROVIDED "AS IS".  NO WARRANTIES, WHETHER EXPRESS, IMPLIED
N * OR STATUTORY, INCLUDING, BUT NOT LIMITED TO, IMPLIED WARRANTIES OF
N * MERCHANTABILITY AND FITNESS FOR A PARTICULAR PURPOSE APPLY TO THIS SOFTWARE.
N * ARM SHALL NOT, IN ANY CIRCUMSTANCES, BE LIABLE FOR SPECIAL, INCIDENTAL, OR
N * CONSEQUENTIAL DAMAGES, FOR ANY REASON WHATSOEVER.
N *
N ******************************************************************************/
N#if defined ( __ICCARM__ )
X#if 0L
S #pragma system_include  /* treat file as system include file for MISRA check */
N#endif
N
N#ifdef __cplusplus
S extern "C" {
N#endif
N
N#ifndef __CORE_CM0_H_GENERIC
N#define __CORE_CM0_H_GENERIC
N
N/** \page CMSIS_MISRA_Exceptions  MISRA-C:2004 Compliance Exceptions
N  CMSIS violates the following MISRA-C:2004 rules:
N
N   \li Required Rule 8.5, object/function definition in header file.<br>
N     Function definitions in header files are used to allow 'inlining'.
N
N   \li Required Rule 18.4, declaration of union type or object of union type: '{...}'.<br>
N     Unions are used for effective representation of core registers.
N
N   \li Advisory Rule 19.7, Function-like macro defined.<br>
N     Function-like macros are used to allow more efficient code.
N */
N
N
N/*******************************************************************************
N *                 CMSIS definitions
N ******************************************************************************/
N/** \ingroup Cortex_M0
N  @{
N */
N
N/*  CMSIS CM0 definitions */
N#define __CM0_CMSIS_VERSION_MAIN  (0x03)                                   /*!< [31:16] CMSIS HAL main version   */
N#define __CM0_CMSIS_VERSION_SUB   (0x01)                                   /*!< [15:0]  CMSIS HAL sub version    */
N#define __CM0_CMSIS_VERSION       ((__CM0_CMSIS_VERSION_MAIN << 16) | \
N                                    __CM0_CMSIS_VERSION_SUB          )     /*!< CMSIS HAL version number         */
X#define __CM0_CMSIS_VERSION       ((__CM0_CMSIS_VERSION_MAIN << 16) |                                     __CM0_CMSIS_VERSION_SUB          )      
N
N#define __CORTEX_M                (0x00)                                   /*!< Cortex-M Core                    */
N
N
N#if   defined ( __CC_ARM )
X#if   1L
N  #define __ASM            __asm                                      /*!< asm keyword for ARM Compiler          */
N  #define __INLINE         __inline                                   /*!< inline keyword for ARM Compiler       */
N  #define __STATIC_INLINE  static __inline
N
N#elif defined ( __ICCARM__ )
S  #define __ASM            __asm                                      /*!< asm keyword for IAR Compiler          */
S  #define __INLINE         inline                                     /*!< inline keyword for IAR Compiler. Only available in High optimization mode! */
S  #define __STATIC_INLINE  static inline
S
S#elif defined ( __GNUC__ )
S  #define __ASM            __asm                                      /*!< asm keyword for GNU Compiler          */
S  #define __INLINE         inline                                     /*!< inline keyword for GNU Compiler       */
S  #define __STATIC_INLINE  static inline
S
S#elif defined ( __TASKING__ )
S  #define __ASM            __asm                                      /*!< asm keyword for TASKING Compiler      */
S  #define __INLINE         inline                                     /*!< inline keyword for TASKING Compiler   */
S  #define __STATIC_INLINE  static inline
S
N#endif
N
N/** __FPU_USED indicates whether an FPU is used or not. This core does not support an FPU at all
N*/
N#define __FPU_USED       0
N
N#if defined ( __CC_ARM )
X#if 1L
N  #if defined __TARGET_FPU_VFP
X  #if 0L
S    #warning "Compiler generates FPU instructions for a device without an FPU (check __FPU_PRESENT)"
N  #endif
N
N#elif defined ( __ICCARM__ )
S  #if defined __ARMVFP__
S    #warning "Compiler generates FPU instructions for a device without an FPU (check __FPU_PRESENT)"
S  #endif
S
S#elif defined ( __GNUC__ )
S  #if defined (__VFP_FP__) && !defined(__SOFTFP__)
S    #warning "Compiler generates FPU instructions for a device without an FPU (check __FPU_PRESENT)"
S  #endif
S
S#elif defined ( __TASKING__ )
S  #if defined __FPU_VFP__
S    #error "Compiler generates FPU instructions for a device without an FPU (check __FPU_PRESENT)"
S  #endif
N#endif
N
N#include <stdint.h>                      /* standard types definitions                      */
L 1 "C:\Keil\ARM\RV31\Inc\stdint.h" 1
N/* Copyright (C) ARM Ltd., 1999 */
N/* All rights reserved */
N
N/*
N * RCS $Revision: 137748 $
N * Checkin $Date: 2008-09-11 17:34:24 +0100 (Thu, 11 Sep 2008) $
N * Revising $Author: agrant $
N */
N
N#ifndef __stdint_h
N#define __stdint_h
N
N  #ifndef __STDINT_DECLS
N  #define __STDINT_DECLS
N
N    #undef __CLIBNS
N
N    #ifdef __cplusplus
S      namespace std {
S          #define __CLIBNS std::
S          extern "C" {
N    #else
N      #define __CLIBNS
N    #endif  /* __cplusplus */
N
N
N/*
N * 'signed' is redundant below, except for 'signed char' and if
N * the typedef is used to declare a bitfield.
N * '__int64' is used instead of 'long long' so that this header
N * can be used in --strict mode.
N */
N
N    /* 7.18.1.1 */
N
N    /* exact-width signed integer types */
Ntypedef   signed          char int8_t;
Ntypedef   signed short     int int16_t;
Ntypedef   signed           int int32_t;
Ntypedef   signed       __int64 int64_t;
N
N    /* exact-width unsigned integer types */
Ntypedef unsigned          char uint8_t;
Ntypedef unsigned short     int uint16_t;
Ntypedef unsigned           int uint32_t;
Ntypedef unsigned       __int64 uint64_t;
N
N    /* 7.18.1.2 */
N
N    /* smallest type of at least n bits */
N    /* minimum-width signed integer types */
Ntypedef   signed          char int_least8_t;
Ntypedef   signed short     int int_least16_t;
Ntypedef   signed           int int_least32_t;
Ntypedef   signed       __int64 int_least64_t;
N
N    /* minimum-width unsigned integer types */
Ntypedef unsigned          char uint_least8_t;
Ntypedef unsigned short     int uint_least16_t;
Ntypedef unsigned           int uint_least32_t;
Ntypedef unsigned       __int64 uint_least64_t;
N
N    /* 7.18.1.3 */
N
N    /* fastest minimum-width signed integer types */
Ntypedef   signed           int int_fast8_t;
Ntypedef   signed           int int_fast16_t;
Ntypedef   signed           int int_fast32_t;
Ntypedef   signed       __int64 int_fast64_t;
N
N    /* fastest minimum-width unsigned integer types */
Ntypedef unsigned           int uint_fast8_t;
Ntypedef unsigned           int uint_fast16_t;
Ntypedef unsigned           int uint_fast32_t;
Ntypedef unsigned       __int64 uint_fast64_t;
N
N    /* 7.18.1.4 integer types capable of holding object pointers */
Ntypedef   signed           int intptr_t;
Ntypedef unsigned           int uintptr_t;
N
N    /* 7.18.1.5 greatest-width integer types */
Ntypedef   signed       __int64 intmax_t;
Ntypedef unsigned       __int64 uintmax_t;
N
N
N#if !defined(__cplusplus) || defined(__STDC_LIMIT_MACROS)
X#if !0L || 0L
N
N    /* 7.18.2.1 */
N
N    /* minimum values of exact-width signed integer types */
N#define INT8_MIN                   -128
N#define INT16_MIN                -32768
N#define INT32_MIN          (~0x7fffffff)   /* -2147483648 is unsigned */
N#define INT64_MIN  __ESCAPE__(~0x7fffffffffffffffll) /* -9223372036854775808 is unsigned */
N
N    /* maximum values of exact-width signed integer types */
N#define INT8_MAX                    127
N#define INT16_MAX                 32767
N#define INT32_MAX            2147483647
N#define INT64_MAX  __ESCAPE__(9223372036854775807ll)
N
N    /* maximum values of exact-width unsigned integer types */
N#define UINT8_MAX                   255
N#define UINT16_MAX                65535
N#define UINT32_MAX           4294967295u
N#define UINT64_MAX __ESCAPE__(18446744073709551615ull)
N
N    /* 7.18.2.2 */
N
N    /* minimum values of minimum-width signed integer types */
N#define INT_LEAST8_MIN                   -128
N#define INT_LEAST16_MIN                -32768
N#define INT_LEAST32_MIN          (~0x7fffffff)
N#define INT_LEAST64_MIN  __ESCAPE__(~0x7fffffffffffffffll)
N
N    /* maximum values of minimum-width signed integer types */
N#define INT_LEAST8_MAX                    127
N#define INT_LEAST16_MAX                 32767
N#define INT_LEAST32_MAX            2147483647
N#define INT_LEAST64_MAX  __ESCAPE__(9223372036854775807ll)
N
N    /* maximum values of minimum-width unsigned integer types */
N#define UINT_LEAST8_MAX                   255
N#define UINT_LEAST16_MAX                65535
N#define UINT_LEAST32_MAX           4294967295u
N#define UINT_LEAST64_MAX __ESCAPE__(18446744073709551615ull)
N
N    /* 7.18.2.3 */
N
N    /* minimum values of fastest minimum-width signed integer types */
N#define INT_FAST8_MIN           (~0x7fffffff)
N#define INT_FAST16_MIN          (~0x7fffffff)
N#define INT_FAST32_MIN          (~0x7fffffff)
N#define INT_FAST64_MIN  __ESCAPE__(~0x7fffffffffffffffll)
N
N    /* maximum values of fastest minimum-width signed integer types */
N#define INT_FAST8_MAX             2147483647
N#define INT_FAST16_MAX            2147483647
N#define INT_FAST32_MAX            2147483647
N#define INT_FAST64_MAX  __ESCAPE__(9223372036854775807ll)
N
N    /* maximum values of fastest minimum-width unsigned integer types */
N#define UINT_FAST8_MAX            4294967295u
N#define UINT_FAST16_MAX           4294967295u
N#define UINT_FAST32_MAX           4294967295u
N#define UINT_FAST64_MAX __ESCAPE__(18446744073709551615ull)
N
N    /* 7.18.2.4 */
N
N    /* minimum value of pointer-holding signed integer type */
N#define INTPTR_MIN (~0x7fffffff)
N
N    /* maximum value of pointer-holding signed integer type */
N#define INTPTR_MAX   2147483647
N
N    /* maximum value of pointer-holding unsigned integer type */
N#define UINTPTR_MAX  4294967295u
N
N    /* 7.18.2.5 */
N
N    /* minimum value of greatest-width signed integer type */
N#define INTMAX_MIN  __ESCAPE__(~0x7fffffffffffffffll)
N
N    /* maximum value of greatest-width signed integer type */
N#define INTMAX_MAX  __ESCAPE__(9223372036854775807ll)
N
N    /* maximum value of greatest-width unsigned integer type */
N#define UINTMAX_MAX __ESCAPE__(18446744073709551615ull)
N
N    /* 7.18.3 */
N
N    /* limits of ptrdiff_t */
N#define PTRDIFF_MIN (~0x7fffffff)
N#define PTRDIFF_MAX   2147483647
N
N    /* limits of sig_atomic_t */
N#define SIG_ATOMIC_MIN (~0x7fffffff)
N#define SIG_ATOMIC_MAX   2147483647
N
N    /* limit of size_t */
N#define SIZE_MAX 4294967295u
N
N    /* limits of wchar_t */
N    /* NB we have to undef and redef because they're defined in both
N     * stdint.h and wchar.h */
N#undef WCHAR_MIN
N#undef WCHAR_MAX
N
N#if defined(__WCHAR32)
X#if 0L
S  #define WCHAR_MIN   0
S  #define WCHAR_MAX   0xffffffffU
N#else
N  #define WCHAR_MIN   0
N  #define WCHAR_MAX   65535
N#endif
N
N    /* limits of wint_t */
N#define WINT_MIN (~0x7fffffff)
N#define WINT_MAX 2147483647
N
N#endif /* __STDC_LIMIT_MACROS */
N
N#if !defined(__cplusplus) || defined(__STDC_CONSTANT_MACROS)
X#if !0L || 0L
N
N    /* 7.18.4.1 macros for minimum-width integer constants */
N#define INT8_C(x)   (x)
N#define INT16_C(x)  (x)
N#define INT32_C(x)  (x)
N#define INT64_C(x)  __ESCAPE__(x ## ll)
N
N#define UINT8_C(x)  (x ## u)
N#define UINT16_C(x) (x ## u)
N#define UINT32_C(x) (x ## u)
N#define UINT64_C(x) __ESCAPE__(x ## ull)
N
N    /* 7.18.4.2 macros for greatest-width integer constants */
N#define INTMAX_C(x)  __ESCAPE__(x ## ll)
N#define UINTMAX_C(x) __ESCAPE__(x ## ull)
N
N#endif /* __STDC_CONSTANT_MACROS */
N
N    #ifdef __cplusplus
S         }  /* extern "C" */
S      }  /* namespace std */
N    #endif /* __cplusplus */
N  #endif /* __STDINT_DECLS */
N
N  #ifdef __cplusplus
S    #ifndef __STDINT_NO_EXPORTS
S      using ::std::int8_t;
S      using ::std::int16_t;
S      using ::std::int32_t;
S      using ::std::int64_t;
S      using ::std::uint8_t;
S      using ::std::uint16_t;
S      using ::std::uint32_t;
S      using ::std::uint64_t;
S      using ::std::int_least8_t;
S      using ::std::int_least16_t;
S      using ::std::int_least32_t;
S      using ::std::int_least64_t;
S      using ::std::uint_least8_t;
S      using ::std::uint_least16_t;
S      using ::std::uint_least32_t;
S      using ::std::uint_least64_t;
S      using ::std::int_fast8_t;
S      using ::std::int_fast16_t;
S      using ::std::int_fast32_t;
S      using ::std::int_fast64_t;
S      using ::std::uint_fast8_t;
S      using ::std::uint_fast16_t;
S      using ::std::uint_fast32_t;
S      using ::std::uint_fast64_t;
S      using ::std::intptr_t;
S      using ::std::uintptr_t;
S      using ::std::intmax_t;
S      using ::std::uintmax_t;
S    #endif 
N  #endif /* __cplusplus */
N
N#endif /* __stdint_h */
N
N/* end of stdint.h */
N
N
L 112 "C:\Keil\ARM\CMSIS\Include\core_cm0.h" 2
N#include <core_cmInstr.h>                /* Core Instruction Access                         */
L 1 "C:\Keil\ARM\CMSIS\Include\core_cmInstr.h" 1
N/**************************************************************************//**
N * @file     core_cmInstr.h
N * @brief    CMSIS Cortex-M Core Instruction Access Header File
N * @version  V3.01
N * @date     06. March 2012
N *
N * @note
N * Copyright (C) 2009-2012 ARM Limited. All rights reserved.
N *
N * @par
N * ARM Limited (ARM) is supplying this software for use with Cortex-M
N * processor based microcontrollers.  This file can be freely distributed
N * within development tools that are supporting such ARM based processors.
N *
N * @par
N * THIS SOFTWARE IS PROVIDED "AS IS".  NO WARRANTIES, WHETHER EXPRESS, IMPLIED
N * OR STATUTORY, INCLUDING, BUT NOT LIMITED TO, IMPLIED WARRANTIES OF
N * MERCHANTABILITY AND FITNESS FOR A PARTICULAR PURPOSE APPLY TO THIS SOFTWARE.
N * ARM SHALL NOT, IN ANY CIRCUMSTANCES, BE LIABLE FOR SPECIAL, INCIDENTAL, OR
N * CONSEQUENTIAL DAMAGES, FOR ANY REASON WHATSOEVER.
N *
N ******************************************************************************/
N
N#ifndef __CORE_CMINSTR_H
N#define __CORE_CMINSTR_H
N
N
N/* ##########################  Core Instruction Access  ######################### */
N/** \defgroup CMSIS_Core_InstructionInterface CMSIS Core Instruction Interface
N  Access to dedicated instructions
N  @{
N*/
N
N#if   defined ( __CC_ARM ) /*------------------RealView Compiler -----------------*/
X#if   1L  
N/* ARM armcc specific functions */
N
N#if (__ARMCC_VERSION < 400677)
X#if (410894 < 400677)
S  #error "Please use ARM Compiler Toolchain V4.0.677 or later!"
N#endif
N
N
N/** \brief  No Operation
N
N    No Operation does nothing. This instruction can be used for code alignment purposes.
N */
N#define __NOP                             __nop
N
N
N/** \brief  Wait For Interrupt
N
N    Wait For Interrupt is a hint instruction that suspends execution
N    until one of a number of events occurs.
N */
N#define __WFI                             __wfi
N
N
N/** \brief  Wait For Event
N
N    Wait For Event is a hint instruction that permits the processor to enter
N    a low-power state until one of a number of events occurs.
N */
N#define __WFE                             __wfe
N
N
N/** \brief  Send Event
N
N    Send Event is a hint instruction. It causes an event to be signaled to the CPU.
N */
N#define __SEV                             __sev
N
N
N/** \brief  Instruction Synchronization Barrier
N
N    Instruction Synchronization Barrier flushes the pipeline in the processor,
N    so that all instructions following the ISB are fetched from cache or
N    memory, after the instruction has been completed.
N */
N#define __ISB()                           __isb(0xF)
N
N
N/** \brief  Data Synchronization Barrier
N
N    This function acts as a special kind of Data Memory Barrier.
N    It completes when all explicit memory accesses before this instruction complete.
N */
N#define __DSB()                           __dsb(0xF)
N
N
N/** \brief  Data Memory Barrier
N
N    This function ensures the apparent order of the explicit memory operations before
N    and after the instruction, without ensuring their completion.
N */
N#define __DMB()                           __dmb(0xF)
N
N
N/** \brief  Reverse byte order (32 bit)
N
N    This function reverses the byte order in integer value.
N
N    \param [in]    value  Value to reverse
N    \return               Reversed value
N */
N#define __REV                             __rev
N
N
N/** \brief  Reverse byte order (16 bit)
N
N    This function reverses the byte order in two unsigned short values.
N
N    \param [in]    value  Value to reverse
N    \return               Reversed value
N */
N__attribute__((section(".rev16_text"))) __STATIC_INLINE __ASM uint32_t __REV16(uint32_t value)
X__attribute__((section(".rev16_text"))) static __inline __asm uint32_t __REV16(uint32_t value)
N{
N  rev16 r0, r0
N  bx lr
N}
N
N
N/** \brief  Reverse byte order in signed short value
N
N    This function reverses the byte order in a signed short value with sign extension to integer.
N
N    \param [in]    value  Value to reverse
N    \return               Reversed value
N */
N__attribute__((section(".revsh_text"))) __STATIC_INLINE __ASM int32_t __REVSH(int32_t value)
X__attribute__((section(".revsh_text"))) static __inline __asm int32_t __REVSH(int32_t value)
N{
N  revsh r0, r0
N  bx lr
N}
N
N
N/** \brief  Rotate Right in unsigned value (32 bit)
N
N    This function Rotate Right (immediate) provides the value of the contents of a register rotated by a variable number of bits.
N
N    \param [in]    value  Value to rotate
N    \param [in]    value  Number of Bits to rotate
N    \return               Rotated value
N */
N#define __ROR                             __ror
N
N
N#if       (__CORTEX_M >= 0x03)
X#if       ((0x00) >= 0x03)
S
S/** \brief  Reverse bit order of value
S
S    This function reverses the bit order of the given value.
S
S    \param [in]    value  Value to reverse
S    \return               Reversed value
S */
S#define __RBIT                            __rbit
S
S
S/** \brief  LDR Exclusive (8 bit)
S
S    This function performs a exclusive LDR command for 8 bit value.
S
S    \param [in]    ptr  Pointer to data
S    \return             value of type uint8_t at (*ptr)
S */
S#define __LDREXB(ptr)                     ((uint8_t ) __ldrex(ptr))
S
S
S/** \brief  LDR Exclusive (16 bit)
S
S    This function performs a exclusive LDR command for 16 bit values.
S
S    \param [in]    ptr  Pointer to data
S    \return        value of type uint16_t at (*ptr)
S */
S#define __LDREXH(ptr)                     ((uint16_t) __ldrex(ptr))
S
S
S/** \brief  LDR Exclusive (32 bit)
S
S    This function performs a exclusive LDR command for 32 bit values.
S
S    \param [in]    ptr  Pointer to data
S    \return        value of type uint32_t at (*ptr)
S */
S#define __LDREXW(ptr)                     ((uint32_t ) __ldrex(ptr))
S
S
S/** \brief  STR Exclusive (8 bit)
S
S    This function performs a exclusive STR command for 8 bit values.
S
S    \param [in]  value  Value to store
S    \param [in]    ptr  Pointer to location
S    \return          0  Function succeeded
S    \return          1  Function failed
S */
S#define __STREXB(value, ptr)              __strex(value, ptr)
S
S
S/** \brief  STR Exclusive (16 bit)
S
S    This function performs a exclusive STR command for 16 bit values.
S
S    \param [in]  value  Value to store
S    \param [in]    ptr  Pointer to location
S    \return          0  Function succeeded
S    \return          1  Function failed
S */
S#define __STREXH(value, ptr)              __strex(value, ptr)
S
S
S/** \brief  STR Exclusive (32 bit)
S
S    This function performs a exclusive STR command for 32 bit values.
S
S    \param [in]  value  Value to store
S    \param [in]    ptr  Pointer to location
S    \return          0  Function succeeded
S    \return          1  Function failed
S */
S#define __STREXW(value, ptr)              __strex(value, ptr)
S
S
S/** \brief  Remove the exclusive lock
S
S    This function removes the exclusive lock which is created by LDREX.
S
S */
S#define __CLREX                           __clrex
S
S
S/** \brief  Signed Saturate
S
S    This function saturates a signed value.
S
S    \param [in]  value  Value to be saturated
S    \param [in]    sat  Bit position to saturate to (1..32)
S    \return             Saturated value
S */
S#define __SSAT                            __ssat
S
S
S/** \brief  Unsigned Saturate
S
S    This function saturates an unsigned value.
S
S    \param [in]  value  Value to be saturated
S    \param [in]    sat  Bit position to saturate to (0..31)
S    \return             Saturated value
S */
S#define __USAT                            __usat
S
S
S/** \brief  Count leading zeros
S
S    This function counts the number of leading zeros of a data value.
S
S    \param [in]  value  Value to count the leading zeros
S    \return             number of leading zeros in value
S */
S#define __CLZ                             __clz
S
N#endif /* (__CORTEX_M >= 0x03) */
N
N
N
N#elif defined ( __ICCARM__ ) /*------------------ ICC Compiler -------------------*/
S/* IAR iccarm specific functions */
S
S#include <cmsis_iar.h>
S
S
S#elif defined ( __TMS470__ ) /*---------------- TI CCS Compiler ------------------*/
S/* TI CCS specific functions */
S
S#include <cmsis_ccs.h>
S
S
S#elif defined ( __GNUC__ ) /*------------------ GNU Compiler ---------------------*/
S/* GNU gcc specific functions */
S
S/** \brief  No Operation
S
S    No Operation does nothing. This instruction can be used for code alignment purposes.
S */
S__attribute__( ( always_inline ) ) __STATIC_INLINE void __NOP(void)
S{
S  __ASM volatile ("nop");
S}
S
S
S/** \brief  Wait For Interrupt
S
S    Wait For Interrupt is a hint instruction that suspends execution
S    until one of a number of events occurs.
S */
S__attribute__( ( always_inline ) ) __STATIC_INLINE void __WFI(void)
S{
S  __ASM volatile ("wfi");
S}
S
S
S/** \brief  Wait For Event
S
S    Wait For Event is a hint instruction that permits the processor to enter
S    a low-power state until one of a number of events occurs.
S */
S__attribute__( ( always_inline ) ) __STATIC_INLINE void __WFE(void)
S{
S  __ASM volatile ("wfe");
S}
S
S
S/** \brief  Send Event
S
S    Send Event is a hint instruction. It causes an event to be signaled to the CPU.
S */
S__attribute__( ( always_inline ) ) __STATIC_INLINE void __SEV(void)
S{
S  __ASM volatile ("sev");
S}
S
S
S/** \brief  Instruction Synchronization Barrier
S
S    Instruction Synchronization Barrier flushes the pipeline in the processor,
S    so that all instructions following the ISB are fetched from cache or
S    memory, after the instruction has been completed.
S */
S__attribute__( ( always_inline ) ) __STATIC_INLINE void __ISB(void)
S{
S  __ASM volatile ("isb");
S}
S
S
S/** \brief  Data Synchronization Barrier
S
S    This function acts as a special kind of Data Memory Barrier.
S    It completes when all explicit memory accesses before this instruction complete.
S */
S__attribute__( ( always_inline ) ) __STATIC_INLINE void __DSB(void)
S{
S  __ASM volatile ("dsb");
S}
S
S
S/** \brief  Data Memory Barrier
S
S    This function ensures the apparent order of the explicit memory operations before
S    and after the instruction, without ensuring their completion.
S */
S__attribute__( ( always_inline ) ) __STATIC_INLINE void __DMB(void)
S{
S  __ASM volatile ("dmb");
S}
S
S
S/** \brief  Reverse byte order (32 bit)
S
S    This function reverses the byte order in integer value.
S
S    \param [in]    value  Value to reverse
S    \return               Reversed value
S */
S__attribute__( ( always_inline ) ) __STATIC_INLINE uint32_t __REV(uint32_t value)
S{
S  uint32_t result;
S
S  __ASM volatile ("rev %0, %1" : "=r" (result) : "r" (value) );
S  return(result);
S}
S
S
S/** \brief  Reverse byte order (16 bit)
S
S    This function reverses the byte order in two unsigned short values.
S
S    \param [in]    value  Value to reverse
S    \return               Reversed value
S */
S__attribute__( ( always_inline ) ) __STATIC_INLINE uint32_t __REV16(uint32_t value)
S{
S  uint32_t result;
S
S  __ASM volatile ("rev16 %0, %1" : "=r" (result) : "r" (value) );
S  return(result);
S}
S
S
S/** \brief  Reverse byte order in signed short value
S
S    This function reverses the byte order in a signed short value with sign extension to integer.
S
S    \param [in]    value  Value to reverse
S    \return               Reversed value
S */
S__attribute__( ( always_inline ) ) __STATIC_INLINE int32_t __REVSH(int32_t value)
S{
S  uint32_t result;
S
S  __ASM volatile ("revsh %0, %1" : "=r" (result) : "r" (value) );
S  return(result);
S}
S
S
S/** \brief  Rotate Right in unsigned value (32 bit)
S
S    This function Rotate Right (immediate) provides the value of the contents of a register rotated by a variable number of bits.
S
S    \param [in]    value  Value to rotate
S    \param [in]    value  Number of Bits to rotate
S    \return               Rotated value
S */
S__attribute__( ( always_inline ) ) __STATIC_INLINE uint32_t __ROR(uint32_t op1, uint32_t op2)
S{
S
S  __ASM volatile ("ror %0, %0, %1" : "+r" (op1) : "r" (op2) );
S  return(op1);
S}
S
S
S#if       (__CORTEX_M >= 0x03)
S
S/** \brief  Reverse bit order of value
S
S    This function reverses the bit order of the given value.
S
S    \param [in]    value  Value to reverse
S    \return               Reversed value
S */
S__attribute__( ( always_inline ) ) __STATIC_INLINE uint32_t __RBIT(uint32_t value)
S{
S  uint32_t result;
S
S   __ASM volatile ("rbit %0, %1" : "=r" (result) : "r" (value) );
S   return(result);
S}
S
S
S/** \brief  LDR Exclusive (8 bit)
S
S    This function performs a exclusive LDR command for 8 bit value.
S
S    \param [in]    ptr  Pointer to data
S    \return             value of type uint8_t at (*ptr)
S */
S__attribute__( ( always_inline ) ) __STATIC_INLINE uint8_t __LDREXB(volatile uint8_t *addr)
S{
S    uint8_t result;
S
S   __ASM volatile ("ldrexb %0, [%1]" : "=r" (result) : "r" (addr) );
S   return(result);
S}
S
S
S/** \brief  LDR Exclusive (16 bit)
S
S    This function performs a exclusive LDR command for 16 bit values.
S
S    \param [in]    ptr  Pointer to data
S    \return        value of type uint16_t at (*ptr)
S */
S__attribute__( ( always_inline ) ) __STATIC_INLINE uint16_t __LDREXH(volatile uint16_t *addr)
S{
S    uint16_t result;
S
S   __ASM volatile ("ldrexh %0, [%1]" : "=r" (result) : "r" (addr) );
S   return(result);
S}
S
S
S/** \brief  LDR Exclusive (32 bit)
S
S    This function performs a exclusive LDR command for 32 bit values.
S
S    \param [in]    ptr  Pointer to data
S    \return        value of type uint32_t at (*ptr)
S */
S__attribute__( ( always_inline ) ) __STATIC_INLINE uint32_t __LDREXW(volatile uint32_t *addr)
S{
S    uint32_t result;
S
S   __ASM volatile ("ldrex %0, [%1]" : "=r" (result) : "r" (addr) );
S   return(result);
S}
S
S
S/** \brief  STR Exclusive (8 bit)
S
S    This function performs a exclusive STR command for 8 bit values.
S
S    \param [in]  value  Value to store
S    \param [in]    ptr  Pointer to location
S    \return          0  Function succeeded
S    \return          1  Function failed
S */
S__attribute__( ( always_inline ) ) __STATIC_INLINE uint32_t __STREXB(uint8_t value, volatile uint8_t *addr)
S{
S   uint32_t result;
S
S   __ASM volatile ("strexb %0, %2, [%1]" : "=&r" (result) : "r" (addr), "r" (value) );
S   return(result);
S}
S
S
S/** \brief  STR Exclusive (16 bit)
S
S    This function performs a exclusive STR command for 16 bit values.
S
S    \param [in]  value  Value to store
S    \param [in]    ptr  Pointer to location
S    \return          0  Function succeeded
S    \return          1  Function failed
S */
S__attribute__( ( always_inline ) ) __STATIC_INLINE uint32_t __STREXH(uint16_t value, volatile uint16_t *addr)
S{
S   uint32_t result;
S
S   __ASM volatile ("strexh %0, %2, [%1]" : "=&r" (result) : "r" (addr), "r" (value) );
S   return(result);
S}
S
S
S/** \brief  STR Exclusive (32 bit)
S
S    This function performs a exclusive STR command for 32 bit values.
S
S    \param [in]  value  Value to store
S    \param [in]    ptr  Pointer to location
S    \return          0  Function succeeded
S    \return          1  Function failed
S */
S__attribute__( ( always_inline ) ) __STATIC_INLINE uint32_t __STREXW(uint32_t value, volatile uint32_t *addr)
S{
S   uint32_t result;
S
S   __ASM volatile ("strex %0, %2, [%1]" : "=&r" (result) : "r" (addr), "r" (value) );
S   return(result);
S}
S
S
S/** \brief  Remove the exclusive lock
S
S    This function removes the exclusive lock which is created by LDREX.
S
S */
S__attribute__( ( always_inline ) ) __STATIC_INLINE void __CLREX(void)
S{
S  __ASM volatile ("clrex");
S}
S
S
S/** \brief  Signed Saturate
S
S    This function saturates a signed value.
S
S    \param [in]  value  Value to be saturated
S    \param [in]    sat  Bit position to saturate to (1..32)
S    \return             Saturated value
S */
S#define __SSAT(ARG1,ARG2) \
S({                          \
S  uint32_t __RES, __ARG1 = (ARG1); \
S  __ASM ("ssat %0, %1, %2" : "=r" (__RES) :  "I" (ARG2), "r" (__ARG1) ); \
S  __RES; \
S })
X#define __SSAT(ARG1,ARG2) ({                            uint32_t __RES, __ARG1 = (ARG1);   __ASM ("ssat %0, %1, %2" : "=r" (__RES) :  "I" (ARG2), "r" (__ARG1) );   __RES;  })
S
S
S/** \brief  Unsigned Saturate
S
S    This function saturates an unsigned value.
S
S    \param [in]  value  Value to be saturated
S    \param [in]    sat  Bit position to saturate to (0..31)
S    \return             Saturated value
S */
S#define __USAT(ARG1,ARG2) \
S({                          \
S  uint32_t __RES, __ARG1 = (ARG1); \
S  __ASM ("usat %0, %1, %2" : "=r" (__RES) :  "I" (ARG2), "r" (__ARG1) ); \
S  __RES; \
S })
X#define __USAT(ARG1,ARG2) ({                            uint32_t __RES, __ARG1 = (ARG1);   __ASM ("usat %0, %1, %2" : "=r" (__RES) :  "I" (ARG2), "r" (__ARG1) );   __RES;  })
S
S
S/** \brief  Count leading zeros
S
S    This function counts the number of leading zeros of a data value.
S
S    \param [in]  value  Value to count the leading zeros
S    \return             number of leading zeros in value
S */
S__attribute__( ( always_inline ) ) __STATIC_INLINE uint8_t __CLZ(uint32_t value)
S{
S  uint8_t result;
S
S  __ASM volatile ("clz %0, %1" : "=r" (result) : "r" (value) );
S  return(result);
S}
S
S#endif /* (__CORTEX_M >= 0x03) */
S
S
S
S
S#elif defined ( __TASKING__ ) /*------------------ TASKING Compiler --------------*/
S/* TASKING carm specific functions */
S
S/*
S * The CMSIS functions have been implemented as intrinsics in the compiler.
S * Please use "carm -?i" to get an up to date list of all intrinsics,
S * Including the CMSIS ones.
S */
S
N#endif
N
N/*@}*/ /* end of group CMSIS_Core_InstructionInterface */
N
N#endif /* __CORE_CMINSTR_H */
L 113 "C:\Keil\ARM\CMSIS\Include\core_cm0.h" 2
N#include <core_cmFunc.h>                 /* Core Function Access                            */
L 1 "C:\Keil\ARM\CMSIS\Include\core_cmFunc.h" 1
N/**************************************************************************//**
N * @file     core_cmFunc.h
N * @brief    CMSIS Cortex-M Core Function Access Header File
N * @version  V3.01
N * @date     06. March 2012
N *
N * @note
N * Copyright (C) 2009-2012 ARM Limited. All rights reserved.
N *
N * @par
N * ARM Limited (ARM) is supplying this software for use with Cortex-M
N * processor based microcontrollers.  This file can be freely distributed
N * within development tools that are supporting such ARM based processors.
N *
N * @par
N * THIS SOFTWARE IS PROVIDED "AS IS".  NO WARRANTIES, WHETHER EXPRESS, IMPLIED
N * OR STATUTORY, INCLUDING, BUT NOT LIMITED TO, IMPLIED WARRANTIES OF
N * MERCHANTABILITY AND FITNESS FOR A PARTICULAR PURPOSE APPLY TO THIS SOFTWARE.
N * ARM SHALL NOT, IN ANY CIRCUMSTANCES, BE LIABLE FOR SPECIAL, INCIDENTAL, OR
N * CONSEQUENTIAL DAMAGES, FOR ANY REASON WHATSOEVER.
N *
N ******************************************************************************/
N
N#ifndef __CORE_CMFUNC_H
N#define __CORE_CMFUNC_H
N
N
N/* ###########################  Core Function Access  ########################### */
N/** \ingroup  CMSIS_Core_FunctionInterface
N    \defgroup CMSIS_Core_RegAccFunctions CMSIS Core Register Access Functions
N  @{
N */
N
N#if   defined ( __CC_ARM ) /*------------------RealView Compiler -----------------*/
X#if   1L  
N/* ARM armcc specific functions */
N
N#if (__ARMCC_VERSION < 400677)
X#if (410894 < 400677)
S  #error "Please use ARM Compiler Toolchain V4.0.677 or later!"
N#endif
N
N/* intrinsic void __enable_irq();     */
N/* intrinsic void __disable_irq();    */
N
N/** \brief  Get Control Register
N
N    This function returns the content of the Control Register.
N
N    \return               Control Register value
N */
N__STATIC_INLINE uint32_t __get_CONTROL(void)
Xstatic __inline uint32_t __get_CONTROL(void)
N{
N  register uint32_t __regControl         __ASM("control");
X  register uint32_t __regControl         __asm("control");
N  return(__regControl);
N}
N
N
N/** \brief  Set Control Register
N
N    This function writes the given value to the Control Register.
N
N    \param [in]    control  Control Register value to set
N */
N__STATIC_INLINE void __set_CONTROL(uint32_t control)
Xstatic __inline void __set_CONTROL(uint32_t control)
N{
N  register uint32_t __regControl         __ASM("control");
X  register uint32_t __regControl         __asm("control");
N  __regControl = control;
N}
N
N
N/** \brief  Get IPSR Register
N
N    This function returns the content of the IPSR Register.
N
N    \return               IPSR Register value
N */
N__STATIC_INLINE uint32_t __get_IPSR(void)
Xstatic __inline uint32_t __get_IPSR(void)
N{
N  register uint32_t __regIPSR          __ASM("ipsr");
X  register uint32_t __regIPSR          __asm("ipsr");
N  return(__regIPSR);
N}
N
N
N/** \brief  Get APSR Register
N
N    This function returns the content of the APSR Register.
N
N    \return               APSR Register value
N */
N__STATIC_INLINE uint32_t __get_APSR(void)
Xstatic __inline uint32_t __get_APSR(void)
N{
N  register uint32_t __regAPSR          __ASM("apsr");
X  register uint32_t __regAPSR          __asm("apsr");
N  return(__regAPSR);
N}
N
N
N/** \brief  Get xPSR Register
N
N    This function returns the content of the xPSR Register.
N
N    \return               xPSR Register value
N */
N__STATIC_INLINE uint32_t __get_xPSR(void)
Xstatic __inline uint32_t __get_xPSR(void)
N{
N  register uint32_t __regXPSR          __ASM("xpsr");
X  register uint32_t __regXPSR          __asm("xpsr");
N  return(__regXPSR);
N}
N
N
N/** \brief  Get Process Stack Pointer
N
N    This function returns the current value of the Process Stack Pointer (PSP).
N
N    \return               PSP Register value
N */
N__STATIC_INLINE uint32_t __get_PSP(void)
Xstatic __inline uint32_t __get_PSP(void)
N{
N  register uint32_t __regProcessStackPointer  __ASM("psp");
X  register uint32_t __regProcessStackPointer  __asm("psp");
N  return(__regProcessStackPointer);
N}
N
N
N/** \brief  Set Process Stack Pointer
N
N    This function assigns the given value to the Process Stack Pointer (PSP).
N
N    \param [in]    topOfProcStack  Process Stack Pointer value to set
N */
N__STATIC_INLINE void __set_PSP(uint32_t topOfProcStack)
Xstatic __inline void __set_PSP(uint32_t topOfProcStack)
N{
N  register uint32_t __regProcessStackPointer  __ASM("psp");
X  register uint32_t __regProcessStackPointer  __asm("psp");
N  __regProcessStackPointer = topOfProcStack;
N}
N
N
N/** \brief  Get Main Stack Pointer
N
N    This function returns the current value of the Main Stack Pointer (MSP).
N
N    \return               MSP Register value
N */
N__STATIC_INLINE uint32_t __get_MSP(void)
Xstatic __inline uint32_t __get_MSP(void)
N{
N  register uint32_t __regMainStackPointer     __ASM("msp");
X  register uint32_t __regMainStackPointer     __asm("msp");
N  return(__regMainStackPointer);
N}
N
N
N/** \brief  Set Main Stack Pointer
N
N    This function assigns the given value to the Main Stack Pointer (MSP).
N
N    \param [in]    topOfMainStack  Main Stack Pointer value to set
N */
N__STATIC_INLINE void __set_MSP(uint32_t topOfMainStack)
Xstatic __inline void __set_MSP(uint32_t topOfMainStack)
N{
N  register uint32_t __regMainStackPointer     __ASM("msp");
X  register uint32_t __regMainStackPointer     __asm("msp");
N  __regMainStackPointer = topOfMainStack;
N}
N
N
N/** \brief  Get Priority Mask
N
N    This function returns the current state of the priority mask bit from the Priority Mask Register.
N
N    \return               Priority Mask value
N */
N__STATIC_INLINE uint32_t __get_PRIMASK(void)
Xstatic __inline uint32_t __get_PRIMASK(void)
N{
N  register uint32_t __regPriMask         __ASM("primask");
X  register uint32_t __regPriMask         __asm("primask");
N  return(__regPriMask);
N}
N
N
N/** \brief  Set Priority Mask
N
N    This function assigns the given value to the Priority Mask Register.
N
N    \param [in]    priMask  Priority Mask
N */
N__STATIC_INLINE void __set_PRIMASK(uint32_t priMask)
Xstatic __inline void __set_PRIMASK(uint32_t priMask)
N{
N  register uint32_t __regPriMask         __ASM("primask");
X  register uint32_t __regPriMask         __asm("primask");
N  __regPriMask = (priMask);
N}
N
N
N#if       (__CORTEX_M >= 0x03)
X#if       ((0x00) >= 0x03)
S
S/** \brief  Enable FIQ
S
S    This function enables FIQ interrupts by clearing the F-bit in the CPSR.
S    Can only be executed in Privileged modes.
S */
S#define __enable_fault_irq                __enable_fiq
S
S
S/** \brief  Disable FIQ
S
S    This function disables FIQ interrupts by setting the F-bit in the CPSR.
S    Can only be executed in Privileged modes.
S */
S#define __disable_fault_irq               __disable_fiq
S
S
S/** \brief  Get Base Priority
S
S    This function returns the current value of the Base Priority register.
S
S    \return               Base Priority register value
S */
S__STATIC_INLINE uint32_t  __get_BASEPRI(void)
S{
S  register uint32_t __regBasePri         __ASM("basepri");
S  return(__regBasePri);
S}
S
S
S/** \brief  Set Base Priority
S
S    This function assigns the given value to the Base Priority register.
S
S    \param [in]    basePri  Base Priority value to set
S */
S__STATIC_INLINE void __set_BASEPRI(uint32_t basePri)
S{
S  register uint32_t __regBasePri         __ASM("basepri");
S  __regBasePri = (basePri & 0xff);
S}
S
S
S/** \brief  Get Fault Mask
S
S    This function returns the current value of the Fault Mask register.
S
S    \return               Fault Mask register value
S */
S__STATIC_INLINE uint32_t __get_FAULTMASK(void)
S{
S  register uint32_t __regFaultMask       __ASM("faultmask");
S  return(__regFaultMask);
S}
S
S
S/** \brief  Set Fault Mask
S
S    This function assigns the given value to the Fault Mask register.
S
S    \param [in]    faultMask  Fault Mask value to set
S */
S__STATIC_INLINE void __set_FAULTMASK(uint32_t faultMask)
S{
S  register uint32_t __regFaultMask       __ASM("faultmask");
S  __regFaultMask = (faultMask & (uint32_t)1);
S}
S
N#endif /* (__CORTEX_M >= 0x03) */
N
N
N#if       (__CORTEX_M == 0x04)
X#if       ((0x00) == 0x04)
S
S/** \brief  Get FPSCR
S
S    This function returns the current value of the Floating Point Status/Control register.
S
S    \return               Floating Point Status/Control register value
S */
S__STATIC_INLINE uint32_t __get_FPSCR(void)
S{
S#if (__FPU_PRESENT == 1) && (__FPU_USED == 1)
S  register uint32_t __regfpscr         __ASM("fpscr");
S  return(__regfpscr);
S#else
S   return(0);
S#endif
S}
S
S
S/** \brief  Set FPSCR
S
S    This function assigns the given value to the Floating Point Status/Control register.
S
S    \param [in]    fpscr  Floating Point Status/Control value to set
S */
S__STATIC_INLINE void __set_FPSCR(uint32_t fpscr)
S{
S#if (__FPU_PRESENT == 1) && (__FPU_USED == 1)
S  register uint32_t __regfpscr         __ASM("fpscr");
S  __regfpscr = (fpscr);
S#endif
S}
S
N#endif /* (__CORTEX_M == 0x04) */
N
N
N#elif defined ( __ICCARM__ ) /*------------------ ICC Compiler -------------------*/
S/* IAR iccarm specific functions */
S
S#include <cmsis_iar.h>
S
S
S#elif defined ( __TMS470__ ) /*---------------- TI CCS Compiler ------------------*/
S/* TI CCS specific functions */
S
S#include <cmsis_ccs.h>
S
S
S#elif defined ( __GNUC__ ) /*------------------ GNU Compiler ---------------------*/
S/* GNU gcc specific functions */
S
S/** \brief  Enable IRQ Interrupts
S
S  This function enables IRQ interrupts by clearing the I-bit in the CPSR.
S  Can only be executed in Privileged modes.
S */
S__attribute__( ( always_inline ) ) __STATIC_INLINE void __enable_irq(void)
S{
S  __ASM volatile ("cpsie i");
S}
S
S
S/** \brief  Disable IRQ Interrupts
S
S  This function disables IRQ interrupts by setting the I-bit in the CPSR.
S  Can only be executed in Privileged modes.
S */
S__attribute__( ( always_inline ) ) __STATIC_INLINE void __disable_irq(void)
S{
S  __ASM volatile ("cpsid i");
S}
S
S
S/** \brief  Get Control Register
S
S    This function returns the content of the Control Register.
S
S    \return               Control Register value
S */
S__attribute__( ( always_inline ) ) __STATIC_INLINE uint32_t __get_CONTROL(void)
S{
S  uint32_t result;
S
S  __ASM volatile ("MRS %0, control" : "=r" (result) );
S  return(result);
S}
S
S
S/** \brief  Set Control Register
S
S    This function writes the given value to the Control Register.
S
S    \param [in]    control  Control Register value to set
S */
S__attribute__( ( always_inline ) ) __STATIC_INLINE void __set_CONTROL(uint32_t control)
S{
S  __ASM volatile ("MSR control, %0" : : "r" (control) );
S}
S
S
S/** \brief  Get IPSR Register
S
S    This function returns the content of the IPSR Register.
S
S    \return               IPSR Register value
S */
S__attribute__( ( always_inline ) ) __STATIC_INLINE uint32_t __get_IPSR(void)
S{
S  uint32_t result;
S
S  __ASM volatile ("MRS %0, ipsr" : "=r" (result) );
S  return(result);
S}
S
S
S/** \brief  Get APSR Register
S
S    This function returns the content of the APSR Register.
S
S    \return               APSR Register value
S */
S__attribute__( ( always_inline ) ) __STATIC_INLINE uint32_t __get_APSR(void)
S{
S  uint32_t result;
S
S  __ASM volatile ("MRS %0, apsr" : "=r" (result) );
S  return(result);
S}
S
S
S/** \brief  Get xPSR Register
S
S    This function returns the content of the xPSR Register.
S
S    \return               xPSR Register value
S */
S__attribute__( ( always_inline ) ) __STATIC_INLINE uint32_t __get_xPSR(void)
S{
S  uint32_t result;
S
S  __ASM volatile ("MRS %0, xpsr" : "=r" (result) );
S  return(result);
S}
S
S
S/** \brief  Get Process Stack Pointer
S
S    This function returns the current value of the Process Stack Pointer (PSP).
S
S    \return               PSP Register value
S */
S__attribute__( ( always_inline ) ) __STATIC_INLINE uint32_t __get_PSP(void)
S{
S  register uint32_t result;
S
S  __ASM volatile ("MRS %0, psp\n"  : "=r" (result) );
S  return(result);
S}
S
S
S/** \brief  Set Process Stack Pointer
S
S    This function assigns the given value to the Process Stack Pointer (PSP).
S
S    \param [in]    topOfProcStack  Process Stack Pointer value to set
S */
S__attribute__( ( always_inline ) ) __STATIC_INLINE void __set_PSP(uint32_t topOfProcStack)
S{
S  __ASM volatile ("MSR psp, %0\n" : : "r" (topOfProcStack) );
S}
S
S
S/** \brief  Get Main Stack Pointer
S
S    This function returns the current value of the Main Stack Pointer (MSP).
S
S    \return               MSP Register value
S */
S__attribute__( ( always_inline ) ) __STATIC_INLINE uint32_t __get_MSP(void)
S{
S  register uint32_t result;
S
S  __ASM volatile ("MRS %0, msp\n" : "=r" (result) );
S  return(result);
S}
S
S
S/** \brief  Set Main Stack Pointer
S
S    This function assigns the given value to the Main Stack Pointer (MSP).
S
S    \param [in]    topOfMainStack  Main Stack Pointer value to set
S */
S__attribute__( ( always_inline ) ) __STATIC_INLINE void __set_MSP(uint32_t topOfMainStack)
S{
S  __ASM volatile ("MSR msp, %0\n" : : "r" (topOfMainStack) );
S}
S
S
S/** \brief  Get Priority Mask
S
S    This function returns the current state of the priority mask bit from the Priority Mask Register.
S
S    \return               Priority Mask value
S */
S__attribute__( ( always_inline ) ) __STATIC_INLINE uint32_t __get_PRIMASK(void)
S{
S  uint32_t result;
S
S  __ASM volatile ("MRS %0, primask" : "=r" (result) );
S  return(result);
S}
S
S
S/** \brief  Set Priority Mask
S
S    This function assigns the given value to the Priority Mask Register.
S
S    \param [in]    priMask  Priority Mask
S */
S__attribute__( ( always_inline ) ) __STATIC_INLINE void __set_PRIMASK(uint32_t priMask)
S{
S  __ASM volatile ("MSR primask, %0" : : "r" (priMask) );
S}
S
S
S#if       (__CORTEX_M >= 0x03)
S
S/** \brief  Enable FIQ
S
S    This function enables FIQ interrupts by clearing the F-bit in the CPSR.
S    Can only be executed in Privileged modes.
S */
S__attribute__( ( always_inline ) ) __STATIC_INLINE void __enable_fault_irq(void)
S{
S  __ASM volatile ("cpsie f");
S}
S
S
S/** \brief  Disable FIQ
S
S    This function disables FIQ interrupts by setting the F-bit in the CPSR.
S    Can only be executed in Privileged modes.
S */
S__attribute__( ( always_inline ) ) __STATIC_INLINE void __disable_fault_irq(void)
S{
S  __ASM volatile ("cpsid f");
S}
S
S
S/** \brief  Get Base Priority
S
S    This function returns the current value of the Base Priority register.
S
S    \return               Base Priority register value
S */
S__attribute__( ( always_inline ) ) __STATIC_INLINE uint32_t __get_BASEPRI(void)
S{
S  uint32_t result;
S
S  __ASM volatile ("MRS %0, basepri_max" : "=r" (result) );
S  return(result);
S}
S
S
S/** \brief  Set Base Priority
S
S    This function assigns the given value to the Base Priority register.
S
S    \param [in]    basePri  Base Priority value to set
S */
S__attribute__( ( always_inline ) ) __STATIC_INLINE void __set_BASEPRI(uint32_t value)
S{
S  __ASM volatile ("MSR basepri, %0" : : "r" (value) );
S}
S
S
S/** \brief  Get Fault Mask
S
S    This function returns the current value of the Fault Mask register.
S
S    \return               Fault Mask register value
S */
S__attribute__( ( always_inline ) ) __STATIC_INLINE uint32_t __get_FAULTMASK(void)
S{
S  uint32_t result;
S
S  __ASM volatile ("MRS %0, faultmask" : "=r" (result) );
S  return(result);
S}
S
S
S/** \brief  Set Fault Mask
S
S    This function assigns the given value to the Fault Mask register.
S
S    \param [in]    faultMask  Fault Mask value to set
S */
S__attribute__( ( always_inline ) ) __STATIC_INLINE void __set_FAULTMASK(uint32_t faultMask)
S{
S  __ASM volatile ("MSR faultmask, %0" : : "r" (faultMask) );
S}
S
S#endif /* (__CORTEX_M >= 0x03) */
S
S
S#if       (__CORTEX_M == 0x04)
S
S/** \brief  Get FPSCR
S
S    This function returns the current value of the Floating Point Status/Control register.
S
S    \return               Floating Point Status/Control register value
S */
S__attribute__( ( always_inline ) ) __STATIC_INLINE uint32_t __get_FPSCR(void)
S{
S#if (__FPU_PRESENT == 1) && (__FPU_USED == 1)
S  uint32_t result;
S
S  __ASM volatile ("VMRS %0, fpscr" : "=r" (result) );
S  return(result);
S#else
S   return(0);
S#endif
S}
S
S
S/** \brief  Set FPSCR
S
S    This function assigns the given value to the Floating Point Status/Control register.
S
S    \param [in]    fpscr  Floating Point Status/Control value to set
S */
S__attribute__( ( always_inline ) ) __STATIC_INLINE void __set_FPSCR(uint32_t fpscr)
S{
S#if (__FPU_PRESENT == 1) && (__FPU_USED == 1)
S  __ASM volatile ("VMSR fpscr, %0" : : "r" (fpscr) );
S#endif
S}
S
S#endif /* (__CORTEX_M == 0x04) */
S
S
S#elif defined ( __TASKING__ ) /*------------------ TASKING Compiler --------------*/
S/* TASKING carm specific functions */
S
S/*
S * The CMSIS functions have been implemented as intrinsics in the compiler.
S * Please use "carm -?i" to get an up to date list of all instrinsics,
S * Including the CMSIS ones.
S */
S
N#endif
N
N/*@} end of CMSIS_Core_RegAccFunctions */
N
N
N#endif /* __CORE_CMFUNC_H */
L 114 "C:\Keil\ARM\CMSIS\Include\core_cm0.h" 2
N
N#endif /* __CORE_CM0_H_GENERIC */
N
N#ifndef __CMSIS_GENERIC
N
N#ifndef __CORE_CM0_H_DEPENDANT
N#define __CORE_CM0_H_DEPENDANT
N
N/* check device defines and use defaults */
N#if defined __CHECK_DEVICE_DEFINES
X#if 0L
S  #ifndef __CM0_REV
S    #define __CM0_REV               0x0000
S    #warning "__CM0_REV not defined in device header file; using default!"
S  #endif
S
S  #ifndef __NVIC_PRIO_BITS
S    #define __NVIC_PRIO_BITS          2
S    #warning "__NVIC_PRIO_BITS not defined in device header file; using default!"
S  #endif
S
S  #ifndef __Vendor_SysTickConfig
S    #define __Vendor_SysTickConfig    0
S    #warning "__Vendor_SysTickConfig not defined in device header file; using default!"
S  #endif
N#endif
N
N/* IO definitions (access restrictions to peripheral registers) */
N/**
N    \defgroup CMSIS_glob_defs CMSIS Global Defines
N
N    <strong>IO Type Qualifiers</strong> are used
N    \li to specify the access to peripheral variables.
N    \li for automatic generation of peripheral register debug information.
N*/
N#ifdef __cplusplus
S  #define   __I     volatile             /*!< Defines 'read only' permissions                 */
N#else
N  #define   __I     volatile const       /*!< Defines 'read only' permissions                 */
N#endif
N#define     __O     volatile             /*!< Defines 'write only' permissions                */
N#define     __IO    volatile             /*!< Defines 'read / write' permissions              */
N
N/*@} end of group Cortex_M0 */
N
N
N
N/*******************************************************************************
N *                 Register Abstraction
N  Core Register contain:
N  - Core Register
N  - Core NVIC Register
N  - Core SCB Register
N  - Core SysTick Register
N ******************************************************************************/
N/** \defgroup CMSIS_core_register Defines and Type Definitions
N    \brief Type definitions and defines for Cortex-M processor based devices.
N*/
N
N/** \ingroup    CMSIS_core_register
N    \defgroup   CMSIS_CORE  Status and Control Registers
N    \brief  Core Register type definitions.
N  @{
N */
N
N/** \brief  Union type to access the Application Program Status Register (APSR).
N */
Ntypedef union
N{
N  struct
N  {
N#if (__CORTEX_M != 0x04)
X#if ((0x00) != 0x04)
N    uint32_t _reserved0:27;              /*!< bit:  0..26  Reserved                           */
N#else
S    uint32_t _reserved0:16;              /*!< bit:  0..15  Reserved                           */
S    uint32_t GE:4;                       /*!< bit: 16..19  Greater than or Equal flags        */
S    uint32_t _reserved1:7;               /*!< bit: 20..26  Reserved                           */
N#endif
N    uint32_t Q:1;                        /*!< bit:     27  Saturation condition flag          */
N    uint32_t V:1;                        /*!< bit:     28  Overflow condition code flag       */
N    uint32_t C:1;                        /*!< bit:     29  Carry condition code flag          */
N    uint32_t Z:1;                        /*!< bit:     30  Zero condition code flag           */
N    uint32_t N:1;                        /*!< bit:     31  Negative condition code flag       */
N  } b;                                   /*!< Structure used for bit  access                  */
N  uint32_t w;                            /*!< Type      used for word access                  */
N} APSR_Type;
N
N
N/** \brief  Union type to access the Interrupt Program Status Register (IPSR).
N */
Ntypedef union
N{
N  struct
N  {
N    uint32_t ISR:9;                      /*!< bit:  0.. 8  Exception number                   */
N    uint32_t _reserved0:23;              /*!< bit:  9..31  Reserved                           */
N  } b;                                   /*!< Structure used for bit  access                  */
N  uint32_t w;                            /*!< Type      used for word access                  */
N} IPSR_Type;
N
N
N/** \brief  Union type to access the Special-Purpose Program Status Registers (xPSR).
N */
Ntypedef union
N{
N  struct
N  {
N    uint32_t ISR:9;                      /*!< bit:  0.. 8  Exception number                   */
N#if (__CORTEX_M != 0x04)
X#if ((0x00) != 0x04)
N    uint32_t _reserved0:15;              /*!< bit:  9..23  Reserved                           */
N#else
S    uint32_t _reserved0:7;               /*!< bit:  9..15  Reserved                           */
S    uint32_t GE:4;                       /*!< bit: 16..19  Greater than or Equal flags        */
S    uint32_t _reserved1:4;               /*!< bit: 20..23  Reserved                           */
N#endif
N    uint32_t T:1;                        /*!< bit:     24  Thumb bit        (read 0)          */
N    uint32_t IT:2;                       /*!< bit: 25..26  saved IT state   (read 0)          */
N    uint32_t Q:1;                        /*!< bit:     27  Saturation condition flag          */
N    uint32_t V:1;                        /*!< bit:     28  Overflow condition code flag       */
N    uint32_t C:1;                        /*!< bit:     29  Carry condition code flag          */
N    uint32_t Z:1;                        /*!< bit:     30  Zero condition code flag           */
N    uint32_t N:1;                        /*!< bit:     31  Negative condition code flag       */
N  } b;                                   /*!< Structure used for bit  access                  */
N  uint32_t w;                            /*!< Type      used for word access                  */
N} xPSR_Type;
N
N
N/** \brief  Union type to access the Control Registers (CONTROL).
N */
Ntypedef union
N{
N  struct
N  {
N    uint32_t nPRIV:1;                    /*!< bit:      0  Execution privilege in Thread mode */
N    uint32_t SPSEL:1;                    /*!< bit:      1  Stack to be used                   */
N    uint32_t FPCA:1;                     /*!< bit:      2  FP extension active flag           */
N    uint32_t _reserved0:29;              /*!< bit:  3..31  Reserved                           */
N  } b;                                   /*!< Structure used for bit  access                  */
N  uint32_t w;                            /*!< Type      used for word access                  */
N} CONTROL_Type;
N
N/*@} end of group CMSIS_CORE */
N
N
N/** \ingroup    CMSIS_core_register
N    \defgroup   CMSIS_NVIC  Nested Vectored Interrupt Controller (NVIC)
N    \brief      Type definitions for the NVIC Registers
N  @{
N */
N
N/** \brief  Structure type to access the Nested Vectored Interrupt Controller (NVIC).
N */
Ntypedef struct
N{
N  __IO uint32_t ISER[1];                 /*!< Offset: 0x000 (R/W)  Interrupt Set Enable Register           */
X  volatile uint32_t ISER[1];                  
N       uint32_t RESERVED0[31];
N  __IO uint32_t ICER[1];                 /*!< Offset: 0x080 (R/W)  Interrupt Clear Enable Register          */
X  volatile uint32_t ICER[1];                  
N       uint32_t RSERVED1[31];
N  __IO uint32_t ISPR[1];                 /*!< Offset: 0x100 (R/W)  Interrupt Set Pending Register           */
X  volatile uint32_t ISPR[1];                  
N       uint32_t RESERVED2[31];
N  __IO uint32_t ICPR[1];                 /*!< Offset: 0x180 (R/W)  Interrupt Clear Pending Register         */
X  volatile uint32_t ICPR[1];                  
N       uint32_t RESERVED3[31];
N       uint32_t RESERVED4[64];
N  __IO uint32_t IP[8];                   /*!< Offset: 0x300 (R/W)  Interrupt Priority Register              */
X  volatile uint32_t IP[8];                    
N}  NVIC_Type;
N
N/*@} end of group CMSIS_NVIC */
N
N
N/** \ingroup  CMSIS_core_register
N    \defgroup CMSIS_SCB     System Control Block (SCB)
N    \brief      Type definitions for the System Control Block Registers
N  @{
N */
N
N/** \brief  Structure type to access the System Control Block (SCB).
N */
Ntypedef struct
N{
N  __I  uint32_t CPUID;                   /*!< Offset: 0x000 (R/ )  CPUID Base Register                                   */
X  volatile const  uint32_t CPUID;                    
N  __IO uint32_t ICSR;                    /*!< Offset: 0x004 (R/W)  Interrupt Control and State Register                  */
X  volatile uint32_t ICSR;                     
N       uint32_t RESERVED0;
N  __IO uint32_t AIRCR;                   /*!< Offset: 0x00C (R/W)  Application Interrupt and Reset Control Register      */
X  volatile uint32_t AIRCR;                    
N  __IO uint32_t SCR;                     /*!< Offset: 0x010 (R/W)  System Control Register                               */
X  volatile uint32_t SCR;                      
N  __IO uint32_t CCR;                     /*!< Offset: 0x014 (R/W)  Configuration Control Register                        */
X  volatile uint32_t CCR;                      
N       uint32_t RESERVED1;
N  __IO uint32_t SHP[2];                  /*!< Offset: 0x01C (R/W)  System Handlers Priority Registers. [0] is RESERVED   */
X  volatile uint32_t SHP[2];                   
N  __IO uint32_t SHCSR;                   /*!< Offset: 0x024 (R/W)  System Handler Control and State Register             */
X  volatile uint32_t SHCSR;                    
N} SCB_Type;
N
N/* SCB CPUID Register Definitions */
N#define SCB_CPUID_IMPLEMENTER_Pos          24                                             /*!< SCB CPUID: IMPLEMENTER Position */
N#define SCB_CPUID_IMPLEMENTER_Msk          (0xFFUL << SCB_CPUID_IMPLEMENTER_Pos)          /*!< SCB CPUID: IMPLEMENTER Mask */
N
N#define SCB_CPUID_VARIANT_Pos              20                                             /*!< SCB CPUID: VARIANT Position */
N#define SCB_CPUID_VARIANT_Msk              (0xFUL << SCB_CPUID_VARIANT_Pos)               /*!< SCB CPUID: VARIANT Mask */
N
N#define SCB_CPUID_ARCHITECTURE_Pos         16                                             /*!< SCB CPUID: ARCHITECTURE Position */
N#define SCB_CPUID_ARCHITECTURE_Msk         (0xFUL << SCB_CPUID_ARCHITECTURE_Pos)          /*!< SCB CPUID: ARCHITECTURE Mask */
N
N#define SCB_CPUID_PARTNO_Pos                4                                             /*!< SCB CPUID: PARTNO Position */
N#define SCB_CPUID_PARTNO_Msk               (0xFFFUL << SCB_CPUID_PARTNO_Pos)              /*!< SCB CPUID: PARTNO Mask */
N
N#define SCB_CPUID_REVISION_Pos              0                                             /*!< SCB CPUID: REVISION Position */
N#define SCB_CPUID_REVISION_Msk             (0xFUL << SCB_CPUID_REVISION_Pos)              /*!< SCB CPUID: REVISION Mask */
N
N/* SCB Interrupt Control State Register Definitions */
N#define SCB_ICSR_NMIPENDSET_Pos            31                                             /*!< SCB ICSR: NMIPENDSET Position */
N#define SCB_ICSR_NMIPENDSET_Msk            (1UL << SCB_ICSR_NMIPENDSET_Pos)               /*!< SCB ICSR: NMIPENDSET Mask */
N
N#define SCB_ICSR_PENDSVSET_Pos             28                                             /*!< SCB ICSR: PENDSVSET Position */
N#define SCB_ICSR_PENDSVSET_Msk             (1UL << SCB_ICSR_PENDSVSET_Pos)                /*!< SCB ICSR: PENDSVSET Mask */
N
N#define SCB_ICSR_PENDSVCLR_Pos             27                                             /*!< SCB ICSR: PENDSVCLR Position */
N#define SCB_ICSR_PENDSVCLR_Msk             (1UL << SCB_ICSR_PENDSVCLR_Pos)                /*!< SCB ICSR: PENDSVCLR Mask */
N
N#define SCB_ICSR_PENDSTSET_Pos             26                                             /*!< SCB ICSR: PENDSTSET Position */
N#define SCB_ICSR_PENDSTSET_Msk             (1UL << SCB_ICSR_PENDSTSET_Pos)                /*!< SCB ICSR: PENDSTSET Mask */
N
N#define SCB_ICSR_PENDSTCLR_Pos             25                                             /*!< SCB ICSR: PENDSTCLR Position */
N#define SCB_ICSR_PENDSTCLR_Msk             (1UL << SCB_ICSR_PENDSTCLR_Pos)                /*!< SCB ICSR: PENDSTCLR Mask */
N
N#define SCB_ICSR_ISRPREEMPT_Pos            23                                             /*!< SCB ICSR: ISRPREEMPT Position */
N#define SCB_ICSR_ISRPREEMPT_Msk            (1UL << SCB_ICSR_ISRPREEMPT_Pos)               /*!< SCB ICSR: ISRPREEMPT Mask */
N
N#define SCB_ICSR_ISRPENDING_Pos            22                                             /*!< SCB ICSR: ISRPENDING Position */
N#define SCB_ICSR_ISRPENDING_Msk            (1UL << SCB_ICSR_ISRPENDING_Pos)               /*!< SCB ICSR: ISRPENDING Mask */
N
N#define SCB_ICSR_VECTPENDING_Pos           12                                             /*!< SCB ICSR: VECTPENDING Position */
N#define SCB_ICSR_VECTPENDING_Msk           (0x1FFUL << SCB_ICSR_VECTPENDING_Pos)          /*!< SCB ICSR: VECTPENDING Mask */
N
N#define SCB_ICSR_VECTACTIVE_Pos             0                                             /*!< SCB ICSR: VECTACTIVE Position */
N#define SCB_ICSR_VECTACTIVE_Msk            (0x1FFUL << SCB_ICSR_VECTACTIVE_Pos)           /*!< SCB ICSR: VECTACTIVE Mask */
N
N/* SCB Application Interrupt and Reset Control Register Definitions */
N#define SCB_AIRCR_VECTKEY_Pos              16                                             /*!< SCB AIRCR: VECTKEY Position */
N#define SCB_AIRCR_VECTKEY_Msk              (0xFFFFUL << SCB_AIRCR_VECTKEY_Pos)            /*!< SCB AIRCR: VECTKEY Mask */
N
N#define SCB_AIRCR_VECTKEYSTAT_Pos          16                                             /*!< SCB AIRCR: VECTKEYSTAT Position */
N#define SCB_AIRCR_VECTKEYSTAT_Msk          (0xFFFFUL << SCB_AIRCR_VECTKEYSTAT_Pos)        /*!< SCB AIRCR: VECTKEYSTAT Mask */
N
N#define SCB_AIRCR_ENDIANESS_Pos            15                                             /*!< SCB AIRCR: ENDIANESS Position */
N#define SCB_AIRCR_ENDIANESS_Msk            (1UL << SCB_AIRCR_ENDIANESS_Pos)               /*!< SCB AIRCR: ENDIANESS Mask */
N
N#define SCB_AIRCR_SYSRESETREQ_Pos           2                                             /*!< SCB AIRCR: SYSRESETREQ Position */
N#define SCB_AIRCR_SYSRESETREQ_Msk          (1UL << SCB_AIRCR_SYSRESETREQ_Pos)             /*!< SCB AIRCR: SYSRESETREQ Mask */
N
N#define SCB_AIRCR_VECTCLRACTIVE_Pos         1                                             /*!< SCB AIRCR: VECTCLRACTIVE Position */
N#define SCB_AIRCR_VECTCLRACTIVE_Msk        (1UL << SCB_AIRCR_VECTCLRACTIVE_Pos)           /*!< SCB AIRCR: VECTCLRACTIVE Mask */
N
N/* SCB System Control Register Definitions */
N#define SCB_SCR_SEVONPEND_Pos               4                                             /*!< SCB SCR: SEVONPEND Position */
N#define SCB_SCR_SEVONPEND_Msk              (1UL << SCB_SCR_SEVONPEND_Pos)                 /*!< SCB SCR: SEVONPEND Mask */
N
N#define SCB_SCR_SLEEPDEEP_Pos               2                                             /*!< SCB SCR: SLEEPDEEP Position */
N#define SCB_SCR_SLEEPDEEP_Msk              (1UL << SCB_SCR_SLEEPDEEP_Pos)                 /*!< SCB SCR: SLEEPDEEP Mask */
N
N#define SCB_SCR_SLEEPONEXIT_Pos             1                                             /*!< SCB SCR: SLEEPONEXIT Position */
N#define SCB_SCR_SLEEPONEXIT_Msk            (1UL << SCB_SCR_SLEEPONEXIT_Pos)               /*!< SCB SCR: SLEEPONEXIT Mask */
N
N/* SCB Configuration Control Register Definitions */
N#define SCB_CCR_STKALIGN_Pos                9                                             /*!< SCB CCR: STKALIGN Position */
N#define SCB_CCR_STKALIGN_Msk               (1UL << SCB_CCR_STKALIGN_Pos)                  /*!< SCB CCR: STKALIGN Mask */
N
N#define SCB_CCR_UNALIGN_TRP_Pos             3                                             /*!< SCB CCR: UNALIGN_TRP Position */
N#define SCB_CCR_UNALIGN_TRP_Msk            (1UL << SCB_CCR_UNALIGN_TRP_Pos)               /*!< SCB CCR: UNALIGN_TRP Mask */
N
N/* SCB System Handler Control and State Register Definitions */
N#define SCB_SHCSR_SVCALLPENDED_Pos         15                                             /*!< SCB SHCSR: SVCALLPENDED Position */
N#define SCB_SHCSR_SVCALLPENDED_Msk         (1UL << SCB_SHCSR_SVCALLPENDED_Pos)            /*!< SCB SHCSR: SVCALLPENDED Mask */
N
N/*@} end of group CMSIS_SCB */
N
N
N/** \ingroup  CMSIS_core_register
N    \defgroup CMSIS_SysTick     System Tick Timer (SysTick)
N    \brief      Type definitions for the System Timer Registers.
N  @{
N */
N
N/** \brief  Structure type to access the System Timer (SysTick).
N */
Ntypedef struct
N{
N  __IO uint32_t CTRL;                    /*!< Offset: 0x000 (R/W)  SysTick Control and Status Register */
X  volatile uint32_t CTRL;                     
N  __IO uint32_t LOAD;                    /*!< Offset: 0x004 (R/W)  SysTick Reload Value Register       */
X  volatile uint32_t LOAD;                     
N  __IO uint32_t VAL;                     /*!< Offset: 0x008 (R/W)  SysTick Current Value Register      */
X  volatile uint32_t VAL;                      
N  __I  uint32_t CALIB;                   /*!< Offset: 0x00C (R/ )  SysTick Calibration Register        */
X  volatile const  uint32_t CALIB;                    
N} SysTick_Type;
N
N/* SysTick Control / Status Register Definitions */
N#define SysTick_CTRL_COUNTFLAG_Pos         16                                             /*!< SysTick CTRL: COUNTFLAG Position */
N#define SysTick_CTRL_COUNTFLAG_Msk         (1UL << SysTick_CTRL_COUNTFLAG_Pos)            /*!< SysTick CTRL: COUNTFLAG Mask */
N
N#define SysTick_CTRL_CLKSOURCE_Pos          2                                             /*!< SysTick CTRL: CLKSOURCE Position */
N#define SysTick_CTRL_CLKSOURCE_Msk         (1UL << SysTick_CTRL_CLKSOURCE_Pos)            /*!< SysTick CTRL: CLKSOURCE Mask */
N
N#define SysTick_CTRL_TICKINT_Pos            1                                             /*!< SysTick CTRL: TICKINT Position */
N#define SysTick_CTRL_TICKINT_Msk           (1UL << SysTick_CTRL_TICKINT_Pos)              /*!< SysTick CTRL: TICKINT Mask */
N
N#define SysTick_CTRL_ENABLE_Pos             0                                             /*!< SysTick CTRL: ENABLE Position */
N#define SysTick_CTRL_ENABLE_Msk            (1UL << SysTick_CTRL_ENABLE_Pos)               /*!< SysTick CTRL: ENABLE Mask */
N
N/* SysTick Reload Register Definitions */
N#define SysTick_LOAD_RELOAD_Pos             0                                             /*!< SysTick LOAD: RELOAD Position */
N#define SysTick_LOAD_RELOAD_Msk            (0xFFFFFFUL << SysTick_LOAD_RELOAD_Pos)        /*!< SysTick LOAD: RELOAD Mask */
N
N/* SysTick Current Register Definitions */
N#define SysTick_VAL_CURRENT_Pos             0                                             /*!< SysTick VAL: CURRENT Position */
N#define SysTick_VAL_CURRENT_Msk            (0xFFFFFFUL << SysTick_VAL_CURRENT_Pos)        /*!< SysTick VAL: CURRENT Mask */
N
N/* SysTick Calibration Register Definitions */
N#define SysTick_CALIB_NOREF_Pos            31                                             /*!< SysTick CALIB: NOREF Position */
N#define SysTick_CALIB_NOREF_Msk            (1UL << SysTick_CALIB_NOREF_Pos)               /*!< SysTick CALIB: NOREF Mask */
N
N#define SysTick_CALIB_SKEW_Pos             30                                             /*!< SysTick CALIB: SKEW Position */
N#define SysTick_CALIB_SKEW_Msk             (1UL << SysTick_CALIB_SKEW_Pos)                /*!< SysTick CALIB: SKEW Mask */
N
N#define SysTick_CALIB_TENMS_Pos             0                                             /*!< SysTick CALIB: TENMS Position */
N#define SysTick_CALIB_TENMS_Msk            (0xFFFFFFUL << SysTick_VAL_CURRENT_Pos)        /*!< SysTick CALIB: TENMS Mask */
N
N/*@} end of group CMSIS_SysTick */
N
N
N/** \ingroup  CMSIS_core_register
N    \defgroup CMSIS_CoreDebug       Core Debug Registers (CoreDebug)
N    \brief      Cortex-M0 Core Debug Registers (DCB registers, SHCSR, and DFSR)
N                are only accessible over DAP and not via processor. Therefore
N                they are not covered by the Cortex-M0 header file.
N  @{
N */
N/*@} end of group CMSIS_CoreDebug */
N
N
N/** \ingroup    CMSIS_core_register
N    \defgroup   CMSIS_core_base     Core Definitions
N    \brief      Definitions for base addresses, unions, and structures.
N  @{
N */
N
N/* Memory mapping of Cortex-M0 Hardware */
N#define SCS_BASE            (0xE000E000UL)                            /*!< System Control Space Base Address */
N#define SysTick_BASE        (SCS_BASE +  0x0010UL)                    /*!< SysTick Base Address              */
N#define NVIC_BASE           (SCS_BASE +  0x0100UL)                    /*!< NVIC Base Address                 */
N#define SCB_BASE            (SCS_BASE +  0x0D00UL)                    /*!< System Control Block Base Address */
N
N#define SCB                 ((SCB_Type       *)     SCB_BASE      )   /*!< SCB configuration struct           */
N#define SysTick             ((SysTick_Type   *)     SysTick_BASE  )   /*!< SysTick configuration struct       */
N#define NVIC                ((NVIC_Type      *)     NVIC_BASE     )   /*!< NVIC configuration struct          */
N
N
N/*@} */
N
N
N
N/*******************************************************************************
N *                Hardware Abstraction Layer
N  Core Function Interface contains:
N  - Core NVIC Functions
N  - Core SysTick Functions
N  - Core Register Access Functions
N ******************************************************************************/
N/** \defgroup CMSIS_Core_FunctionInterface Functions and Instructions Reference
N*/
N
N
N
N/* ##########################   NVIC functions  #################################### */
N/** \ingroup  CMSIS_Core_FunctionInterface
N    \defgroup CMSIS_Core_NVICFunctions NVIC Functions
N    \brief      Functions that manage interrupts and exceptions via the NVIC.
N    @{
N */
N
N/* Interrupt Priorities are WORD accessible only under ARMv6M                   */
N/* The following MACROS handle generation of the register offset and byte masks */
N#define _BIT_SHIFT(IRQn)         (  (((uint32_t)(IRQn)       )    &  0x03) * 8 )
N#define _SHP_IDX(IRQn)           ( ((((uint32_t)(IRQn) & 0x0F)-8) >>    2)     )
N#define _IP_IDX(IRQn)            (   ((uint32_t)(IRQn)            >>    2)     )
N
N
N/** \brief  Enable External Interrupt
N
N    The function enables a device-specific interrupt in the NVIC interrupt controller.
N
N    \param [in]      IRQn  External interrupt number. Value cannot be negative.
N */
N__STATIC_INLINE void NVIC_EnableIRQ(IRQn_Type IRQn)
Xstatic __inline void NVIC_EnableIRQ(IRQn_Type IRQn)
N{
N  NVIC->ISER[0] = (1 << ((uint32_t)(IRQn) & 0x1F));
X  ((NVIC_Type *) ((0xE000E000UL) + 0x0100UL) )->ISER[0] = (1 << ((uint32_t)(IRQn) & 0x1F));
N}
N
N
N/** \brief  Disable External Interrupt
N
N    The function disables a device-specific interrupt in the NVIC interrupt controller.
N
N    \param [in]      IRQn  External interrupt number. Value cannot be negative.
N */
N__STATIC_INLINE void NVIC_DisableIRQ(IRQn_Type IRQn)
Xstatic __inline void NVIC_DisableIRQ(IRQn_Type IRQn)
N{
N  NVIC->ICER[0] = (1 << ((uint32_t)(IRQn) & 0x1F));
X  ((NVIC_Type *) ((0xE000E000UL) + 0x0100UL) )->ICER[0] = (1 << ((uint32_t)(IRQn) & 0x1F));
N}
N
N
N/** \brief  Get Pending Interrupt
N
N    The function reads the pending register in the NVIC and returns the pending bit
N    for the specified interrupt.
N
N    \param [in]      IRQn  Interrupt number.
N
N    \return             0  Interrupt status is not pending.
N    \return             1  Interrupt status is pending.
N */
N__STATIC_INLINE uint32_t NVIC_GetPendingIRQ(IRQn_Type IRQn)
Xstatic __inline uint32_t NVIC_GetPendingIRQ(IRQn_Type IRQn)
N{
N  return((uint32_t) ((NVIC->ISPR[0] & (1 << ((uint32_t)(IRQn) & 0x1F)))?1:0));
X  return((uint32_t) ((((NVIC_Type *) ((0xE000E000UL) + 0x0100UL) )->ISPR[0] & (1 << ((uint32_t)(IRQn) & 0x1F)))?1:0));
N}
N
N
N/** \brief  Set Pending Interrupt
N
N    The function sets the pending bit of an external interrupt.
N
N    \param [in]      IRQn  Interrupt number. Value cannot be negative.
N */
N__STATIC_INLINE void NVIC_SetPendingIRQ(IRQn_Type IRQn)
Xstatic __inline void NVIC_SetPendingIRQ(IRQn_Type IRQn)
N{
N  NVIC->ISPR[0] = (1 << ((uint32_t)(IRQn) & 0x1F));
X  ((NVIC_Type *) ((0xE000E000UL) + 0x0100UL) )->ISPR[0] = (1 << ((uint32_t)(IRQn) & 0x1F));
N}
N
N
N/** \brief  Clear Pending Interrupt
N
N    The function clears the pending bit of an external interrupt.
N
N    \param [in]      IRQn  External interrupt number. Value cannot be negative.
N */
N__STATIC_INLINE void NVIC_ClearPendingIRQ(IRQn_Type IRQn)
Xstatic __inline void NVIC_ClearPendingIRQ(IRQn_Type IRQn)
N{
N  NVIC->ICPR[0] = (1 << ((uint32_t)(IRQn) & 0x1F)); /* Clear pending interrupt */
X  ((NVIC_Type *) ((0xE000E000UL) + 0x0100UL) )->ICPR[0] = (1 << ((uint32_t)(IRQn) & 0x1F));  
N}
N
N
N/** \brief  Set Interrupt Priority
N
N    The function sets the priority of an interrupt.
N
N    \note The priority cannot be set for every core interrupt.
N
N    \param [in]      IRQn  Interrupt number.
N    \param [in]  priority  Priority to set.
N */
N__STATIC_INLINE void NVIC_SetPriority(IRQn_Type IRQn, uint32_t priority)
Xstatic __inline void NVIC_SetPriority(IRQn_Type IRQn, uint32_t priority)
N{
N  if(IRQn < 0) {
N    SCB->SHP[_SHP_IDX(IRQn)] = (SCB->SHP[_SHP_IDX(IRQn)] & ~(0xFF << _BIT_SHIFT(IRQn))) |
X    ((SCB_Type *) ((0xE000E000UL) + 0x0D00UL) )->SHP[( ((((uint32_t)(IRQn) & 0x0F)-8) >> 2) )] = (((SCB_Type *) ((0xE000E000UL) + 0x0D00UL) )->SHP[( ((((uint32_t)(IRQn) & 0x0F)-8) >> 2) )] & ~(0xFF << ( (((uint32_t)(IRQn) ) & 0x03) * 8 ))) |
N        (((priority << (8 - __NVIC_PRIO_BITS)) & 0xFF) << _BIT_SHIFT(IRQn)); }
X        (((priority << (8 - 2)) & 0xFF) << ( (((uint32_t)(IRQn) ) & 0x03) * 8 )); }
N  else {
N    NVIC->IP[_IP_IDX(IRQn)] = (NVIC->IP[_IP_IDX(IRQn)] & ~(0xFF << _BIT_SHIFT(IRQn))) |
X    ((NVIC_Type *) ((0xE000E000UL) + 0x0100UL) )->IP[( ((uint32_t)(IRQn) >> 2) )] = (((NVIC_Type *) ((0xE000E000UL) + 0x0100UL) )->IP[( ((uint32_t)(IRQn) >> 2) )] & ~(0xFF << ( (((uint32_t)(IRQn) ) & 0x03) * 8 ))) |
N        (((priority << (8 - __NVIC_PRIO_BITS)) & 0xFF) << _BIT_SHIFT(IRQn)); }
X        (((priority << (8 - 2)) & 0xFF) << ( (((uint32_t)(IRQn) ) & 0x03) * 8 )); }
N}
N
N
N/** \brief  Get Interrupt Priority
N
N    The function reads the priority of an interrupt. The interrupt
N    number can be positive to specify an external (device specific)
N    interrupt, or negative to specify an internal (core) interrupt.
N
N
N    \param [in]   IRQn  Interrupt number.
N    \return             Interrupt Priority. Value is aligned automatically to the implemented
N                        priority bits of the microcontroller.
N */
N__STATIC_INLINE uint32_t NVIC_GetPriority(IRQn_Type IRQn)
Xstatic __inline uint32_t NVIC_GetPriority(IRQn_Type IRQn)
N{
N
N  if(IRQn < 0) {
N    return((uint32_t)((SCB->SHP[_SHP_IDX(IRQn)] >> _BIT_SHIFT(IRQn) ) >> (8 - __NVIC_PRIO_BITS)));  } /* get priority for Cortex-M0 system interrupts */
X    return((uint32_t)((((SCB_Type *) ((0xE000E000UL) + 0x0D00UL) )->SHP[( ((((uint32_t)(IRQn) & 0x0F)-8) >> 2) )] >> ( (((uint32_t)(IRQn) ) & 0x03) * 8 ) ) >> (8 - 2)));  }  
N  else {
N    return((uint32_t)((NVIC->IP[ _IP_IDX(IRQn)] >> _BIT_SHIFT(IRQn) ) >> (8 - __NVIC_PRIO_BITS)));  } /* get priority for device specific interrupts  */
X    return((uint32_t)((((NVIC_Type *) ((0xE000E000UL) + 0x0100UL) )->IP[ ( ((uint32_t)(IRQn) >> 2) )] >> ( (((uint32_t)(IRQn) ) & 0x03) * 8 ) ) >> (8 - 2)));  }  
N}
N
N
N/** \brief  System Reset
N
N    The function initiates a system reset request to reset the MCU.
N */
N__STATIC_INLINE void NVIC_SystemReset(void)
Xstatic __inline void NVIC_SystemReset(void)
N{
N  __DSB();                                                     /* Ensure all outstanding memory accesses included
X  __dsb(0xF);                                                     
N                                                                  buffered write are completed before reset */
N  SCB->AIRCR  = ((0x5FA << SCB_AIRCR_VECTKEY_Pos)      |
X  ((SCB_Type *) ((0xE000E000UL) + 0x0D00UL) )->AIRCR  = ((0x5FA << 16)      |
N                 SCB_AIRCR_SYSRESETREQ_Msk);
X                 (1UL << 2));
N  __DSB();                                                     /* Ensure completion of memory access */
X  __dsb(0xF);                                                      
N  while(1);                                                    /* wait until reset */
N}
N
N/*@} end of CMSIS_Core_NVICFunctions */
N
N
N
N/* ##################################    SysTick function  ############################################ */
N/** \ingroup  CMSIS_Core_FunctionInterface
N    \defgroup CMSIS_Core_SysTickFunctions SysTick Functions
N    \brief      Functions that configure the System.
N  @{
N */
N
N#if (__Vendor_SysTickConfig == 0)
X#if (0 == 0)
N
N/** \brief  System Tick Configuration
N
N    The function initializes the System Timer and its interrupt, and starts the System Tick Timer.
N    Counter is in free running mode to generate periodic interrupts.
N
N    \param [in]  ticks  Number of ticks between two interrupts.
N
N    \return          0  Function succeeded.
N    \return          1  Function failed.
N
N    \note     When the variable <b>__Vendor_SysTickConfig</b> is set to 1, then the
N    function <b>SysTick_Config</b> is not included. In this case, the file <b><i>device</i>.h</b>
N    must contain a vendor-specific implementation of this function.
N
N */
N__STATIC_INLINE uint32_t SysTick_Config(uint32_t ticks)
Xstatic __inline uint32_t SysTick_Config(uint32_t ticks)
N{
N  if (ticks > SysTick_LOAD_RELOAD_Msk)  return (1);            /* Reload value impossible */
X  if (ticks > (0xFFFFFFUL << 0))  return (1);             
N
N  SysTick->LOAD  = (ticks & SysTick_LOAD_RELOAD_Msk) - 1;      /* set reload register */
X  ((SysTick_Type *) ((0xE000E000UL) + 0x0010UL) )->LOAD  = (ticks & (0xFFFFFFUL << 0)) - 1;       
N  NVIC_SetPriority (SysTick_IRQn, (1<<__NVIC_PRIO_BITS) - 1);  /* set Priority for Systick Interrupt */
X  NVIC_SetPriority (SysTick_IRQn, (1<<2) - 1);   
N  SysTick->VAL   = 0;                                          /* Load the SysTick Counter Value */
X  ((SysTick_Type *) ((0xE000E000UL) + 0x0010UL) )->VAL   = 0;                                           
N  SysTick->CTRL  = SysTick_CTRL_CLKSOURCE_Msk |
X  ((SysTick_Type *) ((0xE000E000UL) + 0x0010UL) )->CTRL  = (1UL << 2) |
N                   SysTick_CTRL_TICKINT_Msk   |
X                   (1UL << 1)   |
N                   SysTick_CTRL_ENABLE_Msk;                    /* Enable SysTick IRQ and SysTick Timer */
X                   (1UL << 0);                     
N  return (0);                                                  /* Function successful */
N}
N
N#endif
N
N/*@} end of CMSIS_Core_SysTickFunctions */
N
N
N
N
N#endif /* __CORE_CM0_H_DEPENDANT */
N
N#endif /* __CMSIS_GENERIC */
N
N#ifdef __cplusplus
S}
N#endif
L 75 "C:\Keil\ARM\Inc\Nuvoton\NUC1xx\NUC1xx.h" 2
N#include "system_NUC1xx.h"              /* NUC1xx System                                          */
L 1 "C:\Keil\ARM\Inc\Nuvoton\NUC1xx\system_NUC1xx.h" 1
N/*---------------------------------------------------------------------------------------------------------*/
N/*                                                                                                         */
N/* Copyright(c) 2009 Nuvoton Technology Corp. All rights reserved.                                         */
N/*                                                                                                         */
N/*---------------------------------------------------------------------------------------------------------*/
N#ifndef __SYSTEM_NUC1xx_H
N#define __SYSTEM_NUC1xx_H
N
N#ifdef __cplusplus
S extern "C" {
N#endif 
N/*---------------------------------------------------------------------------------------------------------*/
N/* Macro Definition                                                                                        */
N/*---------------------------------------------------------------------------------------------------------*/
N
N//#define DEBUG_ENABLE_SEMIHOST   /* To enable semihosted. !!!The SEMIHOSTED of startup_NUC1xx.s must be {TRUE} */
N
N/* Using UART0 or UART1 */  
N#define DEBUG_PORT   0 		    /*0:UART0  1:UART1 2:UART2 */
N
N/*----------------------------------------------------------------------------
N  Define SYSCLK
N *----------------------------------------------------------------------------*/
N#define __XTAL      (12000000UL)
N#define __RTC_XTAL  (32768UL)
N#define __IRC22M    (22118400UL)
N#define __IRC10K    (10000UL)
N#define __HSI       (__IRC22M)      /* Factory Default is internal 22MHz */
N
Nextern uint32_t SystemCoreClock;                   /*!< System Clock Frequency (Core Clock) */
Nextern uint32_t CyclesPerUs;                       /* Cycles per micro second */
N
N/**
N * Initialize the system
N *
N * @param  none
N * @return none
N *
N * @brief  Setup the microcontroller system
N *         Initialise GPIO directions and values
N */
Nextern void SystemInit(void);
N
N
N/**
N * Update SystemCoreClock variable
N *
N * @param  none
N * @return none
N *
N * @brief  Updates the SystemCoreClock with current core Clock 
N *         retrieved from cpu registers.
N */
Nextern void SystemCoreClockUpdate (void);
N
N#ifdef __cplusplus
S}
N#endif
N
N#endif
L 76 "C:\Keil\ARM\Inc\Nuvoton\NUC1xx\NUC1xx.h" 2
C "C:\Keil\ARM\Inc\Nuvoton\NUC1xx\NUC1xx.h" 76 33 cannot open source input file "System\SysInfra.h": No such file or directory
N#include "System\SysInfra.h"    
